android/app/build/intermediates/manifest_merge_blame_file/debug/manifest-merger-blame-debug-report.txt
1<?xml version="1.0" encoding="utf-8"?>
2<manifest xmlns:android="http://schemas.android.com/apk/res/android"
3    package="com.UpTickCoin"
4    android:versionCode="1"
5    android:versionName="1.0" >
6
7    <uses-sdk
8        android:minSdkVersion="21"
9        android:targetSdkVersion="31" />
10
11    <uses-permission android:name="android.permission.SYSTEM_ALERT_WINDOW" />
11-->src/debug/AndroidManifest.xml:5:5-77
11-->src/debug/AndroidManifest.xml:5:22-75
12    <uses-permission android:name="android.permission.INTERNET" />
12-->src/main/AndroidManifest.xml:4:5-67
12-->src/main/AndroidManifest.xml:4:22-64
13    <uses-permission android:name="android.permission.ACCESS_WIFI_STATE" />
13-->[com.facebook.flipper:flipper:0.75.1] AndroidManifest.xml:16:5-76
13-->[com.facebook.flipper:flipper:0.75.1] AndroidManifest.xml:16:22-73
14    <uses-permission android:name="android.permission.CAMERA" />
14-->[:react-native-camera] AndroidManifest.xml:9:5-65
14-->[:react-native-camera] AndroidManifest.xml:9:22-62
15
16    <uses-feature
16-->[:react-native-camera] AndroidManifest.xml:11:5-13:36
17        android:name="android.hardware.camera"
17-->[:react-native-camera] AndroidManifest.xml:12:9-47
18        android:required="false" />
18-->[:react-native-camera] AndroidManifest.xml:13:9-33
19    <uses-feature
19-->[:react-native-camera] AndroidManifest.xml:14:5-16:36
20        android:name="android.hardware.camera.autofocus"
20-->[:react-native-camera] AndroidManifest.xml:15:9-57
21        android:required="false" />
21-->[:react-native-camera] AndroidManifest.xml:16:9-33
22
23    <uses-permission android:name="android.permission.USE_BIOMETRIC" />
23-->[:react-native-keychain] AndroidManifest.xml:11:5-72
23-->[:react-native-keychain] AndroidManifest.xml:11:22-69
24    <uses-permission android:name="android.permission.USE_FINGERPRINT" />
24-->[:react-native-keychain] AndroidManifest.xml:12:5-74
24-->[:react-native-keychain] AndroidManifest.xml:12:22-71
25
26    <application
26-->src/main/AndroidManifest.xml:6:5-27:19
27        android:name="com.UpTickCoin.MainApplication"
27-->src/main/AndroidManifest.xml:7:7-38
28        android:allowBackup="false"
28-->src/main/AndroidManifest.xml:12:7-34
29        android:appComponentFactory="androidx.core.app.CoreComponentFactory"
29-->[androidx.core:core:1.7.0] AndroidManifest.xml:24:18-86
30        android:debuggable="true"
31        android:exported="true"
31-->src/main/AndroidManifest.xml:8:7-30
32        android:icon="@mipmap/ic_launcher"
32-->src/main/AndroidManifest.xml:10:7-41
33        android:label="@string/app_name"
33-->src/main/AndroidManifest.xml:9:7-39
34        android:roundIcon="@mipmap/ic_launcher_round"
34-->src/main/AndroidManifest.xml:11:7-52
35        android:testOnly="true"
36        android:theme="@style/AppTheme"
36-->src/main/AndroidManifest.xml:14:7-38
37        android:usesCleartextTraffic="true" >
37-->src/main/AndroidManifest.xml:13:7-42
38        <activity android:name="com.facebook.react.devsupport.DevSettingsActivity" />
38-->src/debug/AndroidManifest.xml:11:9-86
38-->src/debug/AndroidManifest.xml:11:19-83
39        <activity
39-->src/main/AndroidManifest.xml:15:7-26:18
40            android:name="com.UpTickCoin.MainActivity"
40-->src/main/AndroidManifest.xml:16:9-37
41            android:configChanges="keyboard|keyboardHidden|orientation|screenSize|uiMode"
41-->src/main/AndroidManifest.xml:19:9-86
42            android:exported="true"
42-->src/main/AndroidManifest.xml:17:9-32
43            android:label="@string/app_name"
43-->src/main/AndroidManifest.xml:18:9-41
44            android:launchMode="singleTask"
44-->src/main/AndroidManifest.xml:20:9-40
45            android:windowSoftInputMode="adjustResize" >
45-->src/main/AndroidManifest.xml:21:9-51
46            <intent-filter>
46-->src/main/AndroidManifest.xml:22:9-25:25
47                <action android:name="android.intent.action.MAIN" />
47-->src/main/AndroidManifest.xml:23:13-65
47-->src/main/AndroidManifest.xml:23:21-62
48
49                <category android:name="android.intent.category.LAUNCHER" />
49-->src/main/AndroidManifest.xml:24:13-73
49-->src/main/AndroidManifest.xml:24:23-70
50            </intent-filter>
51        </activity>
52
53        <provider
53-->[:react-native-webview] AndroidManifest.xml:12:9-20:20
54            android:name="com.reactnativecommunity.webview.RNCWebViewFileProvider"
54-->[:react-native-webview] AndroidManifest.xml:13:13-83
55            android:authorities="com.UpTickCoin.fileprovider"
55-->[:react-native-webview] AndroidManifest.xml:14:13-64
56            android:exported="false"
56-->[:react-native-webview] AndroidManifest.xml:15:13-37
57            android:grantUriPermissions="true" >
57-->[:react-native-webview] AndroidManifest.xml:16:13-47
58            <meta-data
58-->[:react-native-webview] AndroidManifest.xml:17:13-19:63
59                android:name="android.support.FILE_PROVIDER_PATHS"
59-->[:react-native-webview] AndroidManifest.xml:18:17-67
60                android:resource="@xml/file_provider_paths" />
60-->[:react-native-webview] AndroidManifest.xml:19:17-60
61        </provider>
62
63        <activity
63-->[com.google.android.gms:play-services-base:16.0.1] AndroidManifest.xml:23:9-26:75
64            android:name="com.google.android.gms.common.api.GoogleApiActivity"
64-->[com.google.android.gms:play-services-base:16.0.1] AndroidManifest.xml:24:13-79
65            android:exported="false"
65-->[com.google.android.gms:play-services-base:16.0.1] AndroidManifest.xml:25:13-37
66            android:theme="@android:style/Theme.Translucent.NoTitleBar" />
66-->[com.google.android.gms:play-services-base:16.0.1] AndroidManifest.xml:26:13-72
67
68        <meta-data
68-->[com.google.android.gms:play-services-basement:16.1.0] AndroidManifest.xml:23:9-25:69
69            android:name="com.google.android.gms.version"
69-->[com.google.android.gms:play-services-basement:16.1.0] AndroidManifest.xml:24:13-58
70            android:value="@integer/google_play_services_version" />
70-->[com.google.android.gms:play-services-basement:16.1.0] AndroidManifest.xml:25:13-66
71
72        <provider
72-->[androidx.emoji2:emoji2:1.0.0] AndroidManifest.xml:26:9-34:20
73            android:name="androidx.startup.InitializationProvider"
73-->[androidx.emoji2:emoji2:1.0.0] AndroidManifest.xml:27:13-67
74            android:authorities="com.UpTickCoin.androidx-startup"
74-->[androidx.emoji2:emoji2:1.0.0] AndroidManifest.xml:28:13-68
75            android:exported="false" >
75-->[androidx.emoji2:emoji2:1.0.0] AndroidManifest.xml:29:13-37
76            <meta-data
76-->[androidx.emoji2:emoji2:1.0.0] AndroidManifest.xml:31:13-33:52
77                android:name="androidx.emoji2.text.EmojiCompatInitializer"
77-->[androidx.emoji2:emoji2:1.0.0] AndroidManifest.xml:32:17-75
78                android:value="androidx.startup" />
78-->[androidx.emoji2:emoji2:1.0.0] AndroidManifest.xml:33:17-49
79            <meta-data
79-->[androidx.lifecycle:lifecycle-process:2.4.0] AndroidManifest.xml:31:13-33:52
80                android:name="androidx.lifecycle.ProcessLifecycleInitializer"
80-->[androidx.lifecycle:lifecycle-process:2.4.0] AndroidManifest.xml:32:17-78
81                android:value="androidx.startup" />
81-->[androidx.lifecycle:lifecycle-process:2.4.0] AndroidManifest.xml:33:17-49
82        </provider>
83    </application>
84
85</manifest>